c:\users\marina\desktop\rv_star3d\estrellarv\projects\project5\project5\debug\project5.pch
c:\users\marina\desktop\rv_star3d\estrellarv\projects\project5\project5\debug\vc142.pdb
c:\users\marina\desktop\rv_star3d\estrellarv\projects\project5\project5\debug\vc142.idb
c:\users\marina\desktop\rv_star3d\estrellarv\projects\project5\project5\debug\stdafx.obj
c:\users\marina\desktop\rv_star3d\estrellarv\projects\project5\project5\debug\star3d.obj
c:\users\marina\desktop\rv_star3d\estrellarv\projects\project5\project5\debug\shaderprogram.obj
c:\users\marina\desktop\rv_star3d\estrellarv\projects\project5\project5\debug\scene3d.obj
c:\users\marina\desktop\rv_star3d\estrellarv\projects\project5\project5\debug\project5.obj
c:\users\marina\desktop\rv_star3d\estrellarv\projects\project5\project5\debug\model3d.obj
c:\users\marina\desktop\rv_star3d\estrellarv\projects\project5\project5\debug\material.obj
c:\users\marina\desktop\rv_star3d\estrellarv\projects\project5\project5\debug\light.obj
c:\users\marina\desktop\rv_star3d\estrellarv\projects\project5\project5\debug\ground3d.obj
c:\users\marina\desktop\rv_star3d\estrellarv\projects\project5\project5\debug\figure3d.obj
c:\users\marina\desktop\rv_star3d\estrellarv\projects\project5\project5\debug\camera3d.obj
c:\users\marina\desktop\rv_star3d\estrellarv\projects\project5\debug\project5.ilk
c:\users\marina\desktop\rv_star3d\estrellarv\projects\project5\debug\project5.exe
c:\users\marina\desktop\rv_star3d\estrellarv\projects\project5\debug\project5.pdb
c:\users\marina\desktop\rv_star3d\estrellarv\projects\project5\project5\debug\project5.res
c:\users\marina\desktop\rv_star3d\estrellarv\projects\project5\project5\debug\project5.tlog\cl.command.1.tlog
c:\users\marina\desktop\rv_star3d\estrellarv\projects\project5\project5\debug\project5.tlog\cl.read.1.tlog
c:\users\marina\desktop\rv_star3d\estrellarv\projects\project5\project5\debug\project5.tlog\cl.write.1.tlog
c:\users\marina\desktop\rv_star3d\estrellarv\projects\project5\project5\debug\project5.tlog\link.command.1.tlog
c:\users\marina\desktop\rv_star3d\estrellarv\projects\project5\project5\debug\project5.tlog\link.read.1.tlog
c:\users\marina\desktop\rv_star3d\estrellarv\projects\project5\project5\debug\project5.tlog\link.write.1.tlog
c:\users\marina\desktop\rv_star3d\estrellarv\projects\project5\project5\debug\project5.tlog\rc.command.1.tlog
c:\users\marina\desktop\rv_star3d\estrellarv\projects\project5\project5\debug\project5.tlog\rc.read.1.tlog
c:\users\marina\desktop\rv_star3d\estrellarv\projects\project5\project5\debug\project5.tlog\rc.write.1.tlog
