c:\computergraphics\projects\project3\project3\debug\project3.pch
c:\computergraphics\projects\project3\project3\debug\vc120.pdb
c:\computergraphics\projects\project3\project3\debug\vc120.idb
c:\computergraphics\projects\project3\project3\debug\stdafx.obj
c:\computergraphics\projects\project3\project3\debug\cone3d.obj
c:\computergraphics\projects\project3\project3\debug\cube3d.obj
c:\computergraphics\projects\project3\project3\debug\cylinder3d.obj
c:\computergraphics\projects\project3\project3\debug\disk3d.obj
c:\computergraphics\projects\project3\project3\debug\figure3d.obj
c:\computergraphics\projects\project3\project3\debug\icosahedron3d.obj
c:\computergraphics\projects\project3\project3\debug\model3d.obj
c:\computergraphics\projects\project3\project3\debug\piramid3d.obj
c:\computergraphics\projects\project3\project3\debug\project3.obj
c:\computergraphics\projects\project3\project3\debug\shaderprogram.obj
c:\computergraphics\projects\project3\project3\debug\sphere3d.obj
c:\computergraphics\projects\project3\project3\debug\torus3d.obj
c:\computergraphics\projects\project3\project3\debug\ring3d.obj
c:\computergraphics\projects\project3\project3\debug\arrow.obj
c:\computergraphics\projects\project3\project3\debug\label.obj
c:\computergraphics\projects\project3\debug\project3.ilk
c:\computergraphics\projects\project3\debug\project3.exe
c:\computergraphics\projects\project3\debug\project3.pdb
c:\computergraphics\projects\project3\project3\debug\project3.res
c:\computergraphics\projects\project3\project3\debug\project3.tlog\cl.command.1.tlog
c:\computergraphics\projects\project3\project3\debug\project3.tlog\cl.read.1.tlog
c:\computergraphics\projects\project3\project3\debug\project3.tlog\cl.write.1.tlog
c:\computergraphics\projects\project3\project3\debug\project3.tlog\link.command.1.tlog
c:\computergraphics\projects\project3\project3\debug\project3.tlog\link.read.1.tlog
c:\computergraphics\projects\project3\project3\debug\project3.tlog\link.write.1.tlog
c:\computergraphics\projects\project3\project3\debug\project3.tlog\rc.command.1.tlog
c:\computergraphics\projects\project3\project3\debug\project3.tlog\rc.read.1.tlog
c:\computergraphics\projects\project3\project3\debug\project3.tlog\rc.write.1.tlog
