c:\users\marina\desktop\computergraphics\projects\project3\project3\debug\project3.pch
c:\users\marina\desktop\computergraphics\projects\project3\project3\debug\vc142.pdb
c:\users\marina\desktop\computergraphics\projects\project3\project3\debug\vc142.idb
c:\users\marina\desktop\computergraphics\projects\project3\project3\debug\stdafx.obj
c:\users\marina\desktop\computergraphics\projects\project3\project3\debug\star3d.obj
c:\users\marina\desktop\computergraphics\projects\project3\project3\debug\shaderprogram.obj
c:\users\marina\desktop\computergraphics\projects\project3\project3\debug\project3.obj
c:\users\marina\desktop\computergraphics\projects\project3\project3\debug\model3d.obj
c:\users\marina\desktop\computergraphics\projects\project3\project3\debug\figure3d.obj
c:\users\marina\desktop\computergraphics\projects\project3\debug\project3.ilk
c:\users\marina\desktop\computergraphics\projects\project3\debug\project3.exe
c:\users\marina\desktop\computergraphics\projects\project3\debug\project3.pdb
c:\users\marina\desktop\computergraphics\projects\project3\project3\debug\project3.res
c:\users\marina\desktop\computergraphics\projects\project3\project3\debug\project3.tlog\cl.command.1.tlog
c:\users\marina\desktop\computergraphics\projects\project3\project3\debug\project3.tlog\cl.read.1.tlog
c:\users\marina\desktop\computergraphics\projects\project3\project3\debug\project3.tlog\cl.write.1.tlog
c:\users\marina\desktop\computergraphics\projects\project3\project3\debug\project3.tlog\link.command.1.tlog
c:\users\marina\desktop\computergraphics\projects\project3\project3\debug\project3.tlog\link.read.1.tlog
c:\users\marina\desktop\computergraphics\projects\project3\project3\debug\project3.tlog\link.write.1.tlog
c:\users\marina\desktop\computergraphics\projects\project3\project3\debug\project3.tlog\rc.command.1.tlog
c:\users\marina\desktop\computergraphics\projects\project3\project3\debug\project3.tlog\rc.read.1.tlog
c:\users\marina\desktop\computergraphics\projects\project3\project3\debug\project3.tlog\rc.write.1.tlog
