c:\users\marina\desktop\computergraphics\projects\project4\project4\debug\project4.pch
c:\users\marina\desktop\computergraphics\projects\project4\project4\debug\vc142.pdb
c:\users\marina\desktop\computergraphics\projects\project4\project4\debug\vc142.idb
c:\users\marina\desktop\computergraphics\projects\project4\project4\debug\stdafx.obj
c:\users\marina\desktop\computergraphics\projects\project4\project4\debug\torus3d.obj
c:\users\marina\desktop\computergraphics\projects\project4\project4\debug\sphere3d.obj
c:\users\marina\desktop\computergraphics\projects\project4\project4\debug\shaderprogram.obj
c:\users\marina\desktop\computergraphics\projects\project4\project4\debug\scene3d.obj
c:\users\marina\desktop\computergraphics\projects\project4\project4\debug\project4.obj
c:\users\marina\desktop\computergraphics\projects\project4\project4\debug\model3d.obj
c:\users\marina\desktop\computergraphics\projects\project4\project4\debug\icosahedron3d.obj
c:\users\marina\desktop\computergraphics\projects\project4\project4\debug\ground3d.obj
c:\users\marina\desktop\computergraphics\projects\project4\project4\debug\figure3d.obj
c:\users\marina\desktop\computergraphics\projects\project4\project4\debug\cylinder3d.obj
c:\users\marina\desktop\computergraphics\projects\project4\project4\debug\cube3d.obj
c:\users\marina\desktop\computergraphics\projects\project4\project4\debug\cone3d.obj
c:\users\marina\desktop\computergraphics\projects\project4\project4\debug\camera3d.obj
c:\users\marina\desktop\computergraphics\projects\project4\project4\debug\star3d.obj
c:\users\marina\desktop\computergraphics\projects\project4\debug\project4.exe
c:\users\marina\desktop\computergraphics\projects\project4\debug\project4.ilk
c:\users\marina\desktop\computergraphics\projects\project4\debug\project4.pdb
c:\users\marina\desktop\computergraphics\projects\project4\project4\debug\project4.res
c:\users\marina\desktop\rv_star3d\estrellarv\projects\project4\project4\debug\camera3d.obj
c:\users\marina\desktop\rv_star3d\estrellarv\projects\project4\project4\debug\cone3d.obj
c:\users\marina\desktop\rv_star3d\estrellarv\projects\project4\project4\debug\cube3d.obj
c:\users\marina\desktop\rv_star3d\estrellarv\projects\project4\project4\debug\cylinder3d.obj
c:\users\marina\desktop\rv_star3d\estrellarv\projects\project4\project4\debug\figure3d.obj
c:\users\marina\desktop\rv_star3d\estrellarv\projects\project4\project4\debug\ground3d.obj
c:\users\marina\desktop\rv_star3d\estrellarv\projects\project4\project4\debug\icosahedron3d.obj
c:\users\marina\desktop\rv_star3d\estrellarv\projects\project4\project4\debug\model3d.obj
c:\users\marina\desktop\rv_star3d\estrellarv\projects\project4\project4\debug\project4.obj
c:\users\marina\desktop\rv_star3d\estrellarv\projects\project4\project4\debug\scene3d.obj
c:\users\marina\desktop\rv_star3d\estrellarv\projects\project4\project4\debug\shaderprogram.obj
c:\users\marina\desktop\rv_star3d\estrellarv\projects\project4\project4\debug\sphere3d.obj
c:\users\marina\desktop\rv_star3d\estrellarv\projects\project4\project4\debug\star3d.obj
c:\users\marina\desktop\rv_star3d\estrellarv\projects\project4\project4\debug\stdafx.obj
c:\users\marina\desktop\rv_star3d\estrellarv\projects\project4\project4\debug\torus3d.obj
c:\users\marina\desktop\rv_star3d\estrellarv\projects\project4\project4\debug\project4.res
c:\users\marina\desktop\rv_star3d\estrellarv\projects\project4\project4\debug\project4.pch
c:\users\marina\desktop\rv_star3d\estrellarv\projects\project4\project4\debug\vc142.idb
c:\users\marina\desktop\rv_star3d\estrellarv\projects\project4\project4\debug\vc142.pdb
c:\users\marina\desktop\rv_star3d\estrellarv\projects\project4\debug\project4.pdb
c:\users\marina\desktop\rv_star3d\estrellarv\projects\project4\debug\project4.exe
c:\users\marina\desktop\rv_star3d\estrellarv\projects\project4\debug\project4.ilk
c:\users\marina\desktop\rv_star3d\estrellarv\projects\project4\project4\debug\project4.tlog\cl.command.1.tlog
c:\users\marina\desktop\rv_star3d\estrellarv\projects\project4\project4\debug\project4.tlog\cl.read.1.tlog
c:\users\marina\desktop\rv_star3d\estrellarv\projects\project4\project4\debug\project4.tlog\cl.write.1.tlog
c:\users\marina\desktop\rv_star3d\estrellarv\projects\project4\project4\debug\project4.tlog\link.command.1.tlog
c:\users\marina\desktop\rv_star3d\estrellarv\projects\project4\project4\debug\project4.tlog\link.read.1.tlog
c:\users\marina\desktop\rv_star3d\estrellarv\projects\project4\project4\debug\project4.tlog\link.write.1.tlog
c:\users\marina\desktop\rv_star3d\estrellarv\projects\project4\project4\debug\project4.tlog\rc.command.1.tlog
c:\users\marina\desktop\rv_star3d\estrellarv\projects\project4\project4\debug\project4.tlog\rc.read.1.tlog
c:\users\marina\desktop\rv_star3d\estrellarv\projects\project4\project4\debug\project4.tlog\rc.write.1.tlog
