c:\users\marina\desktop\computergraphics\projects\project6\project6\debug\project6.pch
c:\users\marina\desktop\computergraphics\projects\project6\project6\debug\vc142.pdb
c:\users\marina\desktop\computergraphics\projects\project6\project6\debug\vc142.idb
c:\users\marina\desktop\computergraphics\projects\project6\project6\debug\stdafx.obj
c:\users\marina\desktop\computergraphics\projects\project6\project6\debug\torus3d.obj
c:\users\marina\desktop\computergraphics\projects\project6\project6\debug\sphere3d.obj
c:\users\marina\desktop\computergraphics\projects\project6\project6\debug\shaderprogram.obj
c:\users\marina\desktop\computergraphics\projects\project6\project6\debug\scene3d.obj
c:\users\marina\desktop\computergraphics\projects\project6\project6\debug\project6.obj
c:\users\marina\desktop\computergraphics\projects\project6\project6\debug\piramid3d.obj
c:\users\marina\desktop\computergraphics\projects\project6\project6\debug\model3d.obj
c:\users\marina\desktop\computergraphics\projects\project6\project6\debug\material.obj
c:\users\marina\desktop\computergraphics\projects\project6\project6\debug\light.obj
c:\users\marina\desktop\computergraphics\projects\project6\project6\debug\icosahedron3d.obj
c:\users\marina\desktop\computergraphics\projects\project6\project6\debug\ground3d.obj
c:\users\marina\desktop\computergraphics\projects\project6\project6\debug\figure3d.obj
c:\users\marina\desktop\computergraphics\projects\project6\project6\debug\cylinder3d.obj
c:\users\marina\desktop\computergraphics\projects\project6\project6\debug\cube3d.obj
c:\users\marina\desktop\computergraphics\projects\project6\project6\debug\cone3d.obj
c:\users\marina\desktop\computergraphics\projects\project6\project6\debug\camera3d.obj
c:\users\marina\desktop\computergraphics\projects\project6\project6\debug\star3d.obj
c:\users\marina\desktop\computergraphics\projects\project6\debug\project6.exe
c:\users\marina\desktop\computergraphics\projects\project6\debug\project6.ilk
c:\users\marina\desktop\computergraphics\projects\project6\debug\project6.pdb
c:\users\marina\desktop\computergraphics\projects\project6\project6\debug\project6.res
c:\users\marina\desktop\rv_star3d\estrellarv\projects\project6\project6\debug\camera3d.obj
c:\users\marina\desktop\rv_star3d\estrellarv\projects\project6\project6\debug\cone3d.obj
c:\users\marina\desktop\rv_star3d\estrellarv\projects\project6\project6\debug\cube3d.obj
c:\users\marina\desktop\rv_star3d\estrellarv\projects\project6\project6\debug\cylinder3d.obj
c:\users\marina\desktop\rv_star3d\estrellarv\projects\project6\project6\debug\figure3d.obj
c:\users\marina\desktop\rv_star3d\estrellarv\projects\project6\project6\debug\ground3d.obj
c:\users\marina\desktop\rv_star3d\estrellarv\projects\project6\project6\debug\icosahedron3d.obj
c:\users\marina\desktop\rv_star3d\estrellarv\projects\project6\project6\debug\light.obj
c:\users\marina\desktop\rv_star3d\estrellarv\projects\project6\project6\debug\material.obj
c:\users\marina\desktop\rv_star3d\estrellarv\projects\project6\project6\debug\model3d.obj
c:\users\marina\desktop\rv_star3d\estrellarv\projects\project6\project6\debug\piramid3d.obj
c:\users\marina\desktop\rv_star3d\estrellarv\projects\project6\project6\debug\project6.obj
c:\users\marina\desktop\rv_star3d\estrellarv\projects\project6\project6\debug\scene3d.obj
c:\users\marina\desktop\rv_star3d\estrellarv\projects\project6\project6\debug\shaderprogram.obj
c:\users\marina\desktop\rv_star3d\estrellarv\projects\project6\project6\debug\sphere3d.obj
c:\users\marina\desktop\rv_star3d\estrellarv\projects\project6\project6\debug\star3d.obj
c:\users\marina\desktop\rv_star3d\estrellarv\projects\project6\project6\debug\stdafx.obj
c:\users\marina\desktop\rv_star3d\estrellarv\projects\project6\project6\debug\torus3d.obj
c:\users\marina\desktop\rv_star3d\estrellarv\projects\project6\project6\debug\project6.res
c:\users\marina\desktop\rv_star3d\estrellarv\projects\project6\project6\debug\project6.pch
c:\users\marina\desktop\rv_star3d\estrellarv\projects\project6\project6\debug\vc142.idb
c:\users\marina\desktop\rv_star3d\estrellarv\projects\project6\project6\debug\vc142.pdb
c:\users\marina\desktop\rv_star3d\estrellarv\projects\project6\debug\project6.pdb
c:\users\marina\desktop\rv_star3d\estrellarv\projects\project6\debug\project6.exe
c:\users\marina\desktop\rv_star3d\estrellarv\projects\project6\debug\project6.ilk
c:\users\marina\desktop\rv_star3d\estrellarv\projects\project6\project6\debug\project6.tlog\cl.command.1.tlog
c:\users\marina\desktop\rv_star3d\estrellarv\projects\project6\project6\debug\project6.tlog\cl.read.1.tlog
c:\users\marina\desktop\rv_star3d\estrellarv\projects\project6\project6\debug\project6.tlog\cl.write.1.tlog
c:\users\marina\desktop\rv_star3d\estrellarv\projects\project6\project6\debug\project6.tlog\link.command.1.tlog
c:\users\marina\desktop\rv_star3d\estrellarv\projects\project6\project6\debug\project6.tlog\link.read.1.tlog
c:\users\marina\desktop\rv_star3d\estrellarv\projects\project6\project6\debug\project6.tlog\link.write.1.tlog
c:\users\marina\desktop\rv_star3d\estrellarv\projects\project6\project6\debug\project6.tlog\rc.command.1.tlog
c:\users\marina\desktop\rv_star3d\estrellarv\projects\project6\project6\debug\project6.tlog\rc.read.1.tlog
c:\users\marina\desktop\rv_star3d\estrellarv\projects\project6\project6\debug\project6.tlog\rc.write.1.tlog
